<?xml version="1.0" encoding="UTF-8"?>
<!-- Generated by org.testng.reporters.JUnitReportReporter -->
<testsuite skipped="0" hostname="DESKTOP-JO4S889" name="TestingPakage.AppTest" tests="1" failures="0" timestamp="31 Aug 2021 05:28:11 GMT" time="0.017" errors="0">
  <testcase name="Test01" time="0.017" classname="TestingPakage.AppTest"/>
</testsuite> <!-- TestingPakage.AppTest -->
